<?xml version="1.0" encoding="UTF-8"?>
<coverage generated="1537207675627" clover="3.2.0">
  <project timestamp="1537207675627" name="All files">
    <metrics statements="55" coveredstatements="23" conditionals="20" coveredconditionals="7" methods="24" coveredmethods="10" elements="99" coveredelements="40" complexity="0" loc="55" ncloc="55" packages="5" files="6" classes="6">
      <package name="trivia">
        <metrics statements="2" coveredstatements="2" conditionals="0" coveredconditionals="0" methods="0" coveredmethods="0"/>
        <file name="constants.js" path="/Users/abubakarsambo/repos/trivia/constants.js">
          <metrics statements="2" coveredstatements="2" conditionals="0" coveredconditionals="0" methods="0" coveredmethods="0"/>
          <line num="1" count="1" type="stmt"/>
          <line num="2" count="1" type="stmt"/>
        </file>
      </package>
      <package name="trivia.actions">
        <metrics statements="10" coveredstatements="5" conditionals="0" coveredconditionals="0" methods="6" coveredmethods="3"/>
        <file name="questions.js" path="/Users/abubakarsambo/repos/trivia/actions/questions.js">
          <metrics statements="10" coveredstatements="5" conditionals="0" coveredconditionals="0" methods="6" coveredmethods="3"/>
          <line num="8" count="0" type="stmt"/>
          <line num="13" count="1" type="stmt"/>
          <line num="14" count="1" type="stmt"/>
          <line num="21" count="1" type="stmt"/>
          <line num="22" count="1" type="stmt"/>
          <line num="23" count="1" type="stmt"/>
          <line num="28" count="0" type="stmt"/>
          <line num="29" count="0" type="stmt"/>
          <line num="31" count="0" type="stmt"/>
          <line num="32" count="0" type="stmt"/>
        </file>
      </package>
      <package name="trivia.app.components">
        <metrics statements="5" coveredstatements="5" conditionals="4" coveredconditionals="4" methods="1" coveredmethods="1"/>
        <file name="resultrow.js" path="/Users/abubakarsambo/repos/trivia/app/components/resultrow.js">
          <metrics statements="5" coveredstatements="5" conditionals="4" coveredconditionals="4" methods="1" coveredmethods="1"/>
          <line num="6" count="1" type="stmt"/>
          <line num="7" count="2" type="stmt"/>
          <line num="8" count="2" type="stmt"/>
          <line num="20" count="1" type="stmt"/>
          <line num="23" count="1" type="stmt"/>
        </file>
      </package>
      <package name="trivia.app.routes">
        <metrics statements="32" coveredstatements="11" conditionals="10" coveredconditionals="3" methods="15" coveredmethods="6"/>
        <file name="home.js" path="/Users/abubakarsambo/repos/trivia/app/routes/home.js">
          <metrics statements="6" coveredstatements="5" conditionals="0" coveredconditionals="0" methods="5" coveredmethods="4"/>
          <line num="9" count="1" type="stmt"/>
          <line num="13" count="1" type="stmt"/>
          <line num="26" count="0" type="stmt"/>
          <line num="37" count="1" type="stmt"/>
          <line num="38" count="1" type="stmt"/>
          <line num="44" count="1" type="stmt"/>
        </file>
        <file name="quiz.js" path="/Users/abubakarsambo/repos/trivia/app/routes/quiz.js">
          <metrics statements="26" coveredstatements="6" conditionals="10" coveredconditionals="3" methods="10" coveredmethods="2"/>
          <line num="10" count="1" type="stmt"/>
          <line num="11" count="1" type="stmt"/>
          <line num="16" count="0" type="stmt"/>
          <line num="17" count="0" type="stmt"/>
          <line num="19" count="0" type="stmt"/>
          <line num="20" count="0" type="cond" truecount="0" falsecount="2"/>
          <line num="21" count="0" type="stmt"/>
          <line num="23" count="0" type="stmt"/>
          <line num="26" count="0" type="stmt"/>
          <line num="27" count="0" type="cond" truecount="0" falsecount="2"/>
          <line num="28" count="0" type="stmt"/>
          <line num="29" count="0" type="stmt"/>
          <line num="30" count="0" type="cond" truecount="0" falsecount="2"/>
          <line num="31" count="0" type="stmt"/>
          <line num="33" count="0" type="stmt"/>
          <line num="35" count="0" type="stmt"/>
          <line num="40" count="0" type="stmt"/>
          <line num="44" count="1" type="stmt"/>
          <line num="45" count="1" type="stmt"/>
          <line num="47" count="1" type="stmt"/>
          <line num="71" count="0" type="stmt"/>
          <line num="80" count="0" type="stmt"/>
          <line num="92" count="0" type="stmt"/>
          <line num="98" count="0" type="stmt"/>
          <line num="99" count="0" type="stmt"/>
          <line num="105" count="1" type="stmt"/>
        </file>
      </package>
      <package name="trivia.reducers">
        <metrics statements="6" coveredstatements="0" conditionals="6" coveredconditionals="0" methods="2" coveredmethods="0"/>
        <file name="questions.js" path="/Users/abubakarsambo/repos/trivia/reducers/questions.js">
          <metrics statements="6" coveredstatements="0" conditionals="6" coveredconditionals="0" methods="2" coveredmethods="0"/>
          <line num="5" count="0" type="cond" truecount="0" falsecount="2"/>
          <line num="7" count="0" type="stmt"/>
          <line num="9" count="0" type="stmt"/>
          <line num="13" count="0" type="cond" truecount="0" falsecount="2"/>
          <line num="15" count="0" type="stmt"/>
          <line num="17" count="0" type="stmt"/>
        </file>
      </package>
    </metrics>
  </project>
</coverage>
