{"/Users/abubakarsambo/repos/trivia/constants.js": {"path":"/Users/abubakarsambo/repos/trivia/constants.js","statementMap":{"0":{"start":{"line":1,"column":29},"end":{"line":1,"column":44}},"1":{"start":{"line":2,"column":23},"end":{"line":2,"column":32}}},"fnMap":{},"branchMap":{},"s":{"0":1,"1":1},"f":{},"b":{},"_coverageSchema":"332fd63041d2c1bcb487cc26dd0d5f7d97098a6c","hash":"1e7001d3c2e460a539d72a3b7ed6843ece8eb925"}
,"/Users/abubakarsambo/repos/trivia/actions/questions.js": {"path":"/Users/abubakarsambo/repos/trivia/actions/questions.js","statementMap":{"0":{"start":{"line":8,"column":4},"end":{"line":11,"column":5}},"1":{"start":{"line":13,"column":22},"end":{"line":18,"column":3}},"2":{"start":{"line":14,"column":4},"end":{"line":17,"column":5}},"3":{"start":{"line":21,"column":4},"end":{"line":34,"column":7}},"4":{"start":{"line":22,"column":8},"end":{"line":22,"column":34}},"5":{"start":{"line":23,"column":8},"end":{"line":33,"column":10}},"6":{"start":{"line":28,"column":10},"end":{"line":28,"column":55}},"7":{"start":{"line":29,"column":10},"end":{"line":29,"column":37}},"8":{"start":{"line":31,"column":10},"end":{"line":31,"column":29}},"9":{"start":{"line":32,"column":10},"end":{"line":32,"column":37}}},"fnMap":{"0":{"name":"setQuestions","decl":{"start":{"line":7,"column":16},"end":{"line":7,"column":28}},"loc":{"start":{"line":7,"column":40},"end":{"line":12,"column":3}},"line":7},"1":{"name":"(anonymous_1)","decl":{"start":{"line":13,"column":22},"end":{"line":13,"column":23}},"loc":{"start":{"line":13,"column":34},"end":{"line":18,"column":3}},"line":13},"2":{"name":"getQuestions","decl":{"start":{"line":20,"column":16},"end":{"line":20,"column":28}},"loc":{"start":{"line":20,"column":32},"end":{"line":35,"column":1}},"line":20},"3":{"name":"(anonymous_3)","decl":{"start":{"line":21,"column":11},"end":{"line":21,"column":12}},"loc":{"start":{"line":21,"column":25},"end":{"line":34,"column":7}},"line":21},"4":{"name":"(anonymous_4)","decl":{"start":{"line":27,"column":14},"end":{"line":27,"column":15}},"loc":{"start":{"line":27,"column":28},"end":{"line":30,"column":9}},"line":27},"5":{"name":"(anonymous_5)","decl":{"start":{"line":30,"column":17},"end":{"line":30,"column":18}},"loc":{"start":{"line":30,"column":28},"end":{"line":33,"column":9}},"line":30}},"branchMap":{},"s":{"0":0,"1":1,"2":1,"3":1,"4":1,"5":1,"6":0,"7":0,"8":0,"9":0},"f":{"0":0,"1":1,"2":1,"3":1,"4":0,"5":0},"b":{},"_coverageSchema":"332fd63041d2c1bcb487cc26dd0d5f7d97098a6c","hash":"547a6b8c6bc0c333948130f649988cdc8af08e08"}
,"/Users/abubakarsambo/repos/trivia/app/components/resultrow.js": {"path":"/Users/abubakarsambo/repos/trivia/app/components/resultrow.js","statementMap":{"0":{"start":{"line":6,"column":25},"end":{"line":19,"column":1}},"1":{"start":{"line":7,"column":18},"end":{"line":7,"column":61}},"2":{"start":{"line":8,"column":4},"end":{"line":18,"column":5}},"3":{"start":{"line":20,"column":0},"end":{"line":22,"column":1}},"4":{"start":{"line":23,"column":15},"end":{"line":45,"column":2}}},"fnMap":{"0":{"name":"(anonymous_0)","decl":{"start":{"line":6,"column":25},"end":{"line":6,"column":26}},"loc":{"start":{"line":6,"column":39},"end":{"line":19,"column":1}},"line":6}},"branchMap":{"0":{"loc":{"start":{"line":9,"column":22},"end":{"line":9,"column":67}},"type":"cond-expr","locations":[{"start":{"line":9,"column":32},"end":{"line":9,"column":49}},{"start":{"line":9,"column":52},"end":{"line":9,"column":67}}],"line":9},"1":{"loc":{"start":{"line":13,"column":22},"end":{"line":13,"column":49}},"type":"cond-expr","locations":[{"start":{"line":13,"column":32},"end":{"line":13,"column":39}},{"start":{"line":13,"column":42},"end":{"line":13,"column":49}}],"line":13}},"s":{"0":1,"1":2,"2":2,"3":1,"4":1},"f":{"0":2},"b":{"0":[1,1],"1":[1,1]},"_coverageSchema":"332fd63041d2c1bcb487cc26dd0d5f7d97098a6c","hash":"b0db2ebfaa3e8c00007a04fe59b637981eba53ae"}
,"/Users/abubakarsambo/repos/trivia/app/routes/home.js": {"path":"/Users/abubakarsambo/repos/trivia/app/routes/home.js","statementMap":{"0":{"start":{"line":9,"column":4},"end":{"line":9,"column":29}},"1":{"start":{"line":13,"column":4},"end":{"line":31,"column":6}},"2":{"start":{"line":26,"column":64},"end":{"line":26,"column":102}},"3":{"start":{"line":37,"column":2},"end":{"line":39,"column":3}},"4":{"start":{"line":38,"column":24},"end":{"line":38,"column":48}},"5":{"start":{"line":44,"column":15},"end":{"line":87,"column":2}}},"fnMap":{"0":{"name":"(anonymous_0)","decl":{"start":{"line":8,"column":2},"end":{"line":8,"column":3}},"loc":{"start":{"line":8,"column":22},"end":{"line":10,"column":3}},"line":8},"1":{"name":"(anonymous_1)","decl":{"start":{"line":12,"column":2},"end":{"line":12,"column":3}},"loc":{"start":{"line":12,"column":11},"end":{"line":32,"column":3}},"line":12},"2":{"name":"(anonymous_2)","decl":{"start":{"line":26,"column":58},"end":{"line":26,"column":59}},"loc":{"start":{"line":26,"column":64},"end":{"line":26,"column":102}},"line":26},"3":{"name":"mapDispatchToProps","decl":{"start":{"line":36,"column":9},"end":{"line":36,"column":27}},"loc":{"start":{"line":36,"column":38},"end":{"line":40,"column":1}},"line":36},"4":{"name":"(anonymous_4)","decl":{"start":{"line":38,"column":18},"end":{"line":38,"column":19}},"loc":{"start":{"line":38,"column":24},"end":{"line":38,"column":48}},"line":38}},"branchMap":{},"s":{"0":1,"1":1,"2":0,"3":1,"4":1,"5":1},"f":{"0":1,"1":1,"2":0,"3":1,"4":1},"b":{},"_coverageSchema":"332fd63041d2c1bcb487cc26dd0d5f7d97098a6c","hash":"5ee01d71c741ffe33c1cf8c254cf665db964e2a8"}
,"/Users/abubakarsambo/repos/trivia/app/routes/quiz.js": {"path":"/Users/abubakarsambo/repos/trivia/app/routes/quiz.js","statementMap":{"0":{"start":{"line":10,"column":4},"end":{"line":10,"column":16}},"1":{"start":{"line":11,"column":4},"end":{"line":13,"column":5}},"2":{"start":{"line":16,"column":28},"end":{"line":16,"column":38}},"3":{"start":{"line":17,"column":24},"end":{"line":17,"column":34}},"4":{"start":{"line":19,"column":27},"end":{"line":24,"column":6}},"5":{"start":{"line":20,"column":6},"end":{"line":22,"column":7}},"6":{"start":{"line":21,"column":8},"end":{"line":21,"column":48}},"7":{"start":{"line":23,"column":6},"end":{"line":23,"column":17}},"8":{"start":{"line":26,"column":4},"end":{"line":26,"column":45}},"9":{"start":{"line":27,"column":4},"end":{"line":41,"column":5}},"10":{"start":{"line":28,"column":23},"end":{"line":34,"column":11}},"11":{"start":{"line":29,"column":20},"end":{"line":29,"column":21}},"12":{"start":{"line":30,"column":8},"end":{"line":32,"column":9}},"13":{"start":{"line":31,"column":10},"end":{"line":31,"column":19}},"14":{"start":{"line":33,"column":8},"end":{"line":33,"column":28}},"15":{"start":{"line":35,"column":6},"end":{"line":37,"column":8}},"16":{"start":{"line":40,"column":6},"end":{"line":40,"column":57}},"17":{"start":{"line":44,"column":26},"end":{"line":44,"column":36}},"18":{"start":{"line":45,"column":28},"end":{"line":45,"column":38}},"19":{"start":{"line":47,"column":4},"end":{"line":87,"column":6}},"20":{"start":{"line":71,"column":33},"end":{"line":71,"column":55}},"21":{"start":{"line":80,"column":33},"end":{"line":80,"column":54}},"22":{"start":{"line":92,"column":2},"end":{"line":95,"column":3}},"23":{"start":{"line":98,"column":2},"end":{"line":100,"column":3}},"24":{"start":{"line":99,"column":33},"end":{"line":99,"column":66}},"25":{"start":{"line":105,"column":15},"end":{"line":155,"column":2}}},"fnMap":{"0":{"name":"(anonymous_0)","decl":{"start":{"line":9,"column":2},"end":{"line":9,"column":3}},"loc":{"start":{"line":9,"column":21},"end":{"line":14,"column":3}},"line":9},"1":{"name":"(anonymous_1)","decl":{"start":{"line":15,"column":13},"end":{"line":15,"column":14}},"loc":{"start":{"line":15,"column":23},"end":{"line":42,"column":3}},"line":15},"2":{"name":"(anonymous_2)","decl":{"start":{"line":19,"column":41},"end":{"line":19,"column":42}},"loc":{"start":{"line":19,"column":58},"end":{"line":24,"column":5}},"line":19},"3":{"name":"(anonymous_3)","decl":{"start":{"line":28,"column":47},"end":{"line":28,"column":48}},"loc":{"start":{"line":28,"column":61},"end":{"line":34,"column":7}},"line":28},"4":{"name":"(anonymous_4)","decl":{"start":{"line":43,"column":2},"end":{"line":43,"column":3}},"loc":{"start":{"line":43,"column":11},"end":{"line":88,"column":3}},"line":43},"5":{"name":"(anonymous_5)","decl":{"start":{"line":71,"column":27},"end":{"line":71,"column":28}},"loc":{"start":{"line":71,"column":33},"end":{"line":71,"column":55}},"line":71},"6":{"name":"(anonymous_6)","decl":{"start":{"line":80,"column":27},"end":{"line":80,"column":28}},"loc":{"start":{"line":80,"column":33},"end":{"line":80,"column":54}},"line":80},"7":{"name":"mapStateToProps","decl":{"start":{"line":91,"column":9},"end":{"line":91,"column":24}},"loc":{"start":{"line":91,"column":32},"end":{"line":96,"column":1}},"line":91},"8":{"name":"mapDispatchToProps","decl":{"start":{"line":97,"column":9},"end":{"line":97,"column":27}},"loc":{"start":{"line":97,"column":38},"end":{"line":101,"column":1}},"line":97},"9":{"name":"(anonymous_9)","decl":{"start":{"line":99,"column":18},"end":{"line":99,"column":19}},"loc":{"start":{"line":99,"column":33},"end":{"line":99,"column":66}},"line":99}},"branchMap":{"0":{"loc":{"start":{"line":20,"column":6},"end":{"line":22,"column":7}},"type":"if","locations":[{"start":{"line":20,"column":6},"end":{"line":22,"column":7}},{"start":{"line":20,"column":6},"end":{"line":22,"column":7}}],"line":20},"1":{"loc":{"start":{"line":27,"column":4},"end":{"line":41,"column":5}},"type":"if","locations":[{"start":{"line":27,"column":4},"end":{"line":41,"column":5}},{"start":{"line":27,"column":4},"end":{"line":41,"column":5}}],"line":27},"2":{"loc":{"start":{"line":30,"column":8},"end":{"line":32,"column":9}},"type":"if","locations":[{"start":{"line":30,"column":8},"end":{"line":32,"column":9}},{"start":{"line":30,"column":8},"end":{"line":32,"column":9}}],"line":30},"3":{"loc":{"start":{"line":50,"column":9},"end":{"line":84,"column":17}},"type":"cond-expr","locations":[{"start":{"line":51,"column":10},"end":{"line":51,"column":79}},{"start":{"line":52,"column":10},"end":{"line":84,"column":17}}],"line":50},"4":{"loc":{"start":{"line":54,"column":62},"end":{"line":54,"column":119}},"type":"binary-expr","locations":[{"start":{"line":54,"column":62},"end":{"line":54,"column":82}},{"start":{"line":54,"column":86},"end":{"line":54,"column":119}}],"line":54}},"s":{"0":1,"1":1,"2":0,"3":0,"4":0,"5":0,"6":0,"7":0,"8":0,"9":0,"10":0,"11":0,"12":0,"13":0,"14":0,"15":0,"16":0,"17":1,"18":1,"19":1,"20":0,"21":0,"22":0,"23":0,"24":0,"25":1},"f":{"0":1,"1":0,"2":0,"3":0,"4":1,"5":0,"6":0,"7":0,"8":0,"9":0},"b":{"0":[0,0],"1":[0,0],"2":[0,0],"3":[0,1],"4":[1,1]},"_coverageSchema":"332fd63041d2c1bcb487cc26dd0d5f7d97098a6c","hash":"df13dc1aeb2fbfef81ca59f5b14455fe5015f9e3"}
,"/Users/abubakarsambo/repos/trivia/reducers/questions.js": {"path":"/Users/abubakarsambo/repos/trivia/reducers/questions.js","statementMap":{"0":{"start":{"line":5,"column":4},"end":{"line":10,"column":7}},"1":{"start":{"line":7,"column":10},"end":{"line":7,"column":33}},"2":{"start":{"line":9,"column":10},"end":{"line":9,"column":22}},"3":{"start":{"line":13,"column":2},"end":{"line":18,"column":5}},"4":{"start":{"line":15,"column":8},"end":{"line":15,"column":29}},"5":{"start":{"line":17,"column":8},"end":{"line":17,"column":20}}},"fnMap":{"0":{"name":"setQuestions","decl":{"start":{"line":4,"column":16},"end":{"line":4,"column":28}},"loc":{"start":{"line":4,"column":49},"end":{"line":11,"column":1}},"line":4},"1":{"name":"setLoader","decl":{"start":{"line":12,"column":16},"end":{"line":12,"column":25}},"loc":{"start":{"line":12,"column":49},"end":{"line":19,"column":1}},"line":12}},"branchMap":{"0":{"loc":{"start":{"line":4,"column":29},"end":{"line":4,"column":39}},"type":"default-arg","locations":[{"start":{"line":4,"column":37},"end":{"line":4,"column":39}}],"line":4},"1":{"loc":{"start":{"line":5,"column":4},"end":{"line":10,"column":7}},"type":"switch","locations":[{"start":{"line":6,"column":8},"end":{"line":7,"column":33}},{"start":{"line":8,"column":8},"end":{"line":9,"column":22}}],"line":5},"2":{"loc":{"start":{"line":12,"column":26},"end":{"line":12,"column":39}},"type":"default-arg","locations":[{"start":{"line":12,"column":34},"end":{"line":12,"column":39}}],"line":12},"3":{"loc":{"start":{"line":13,"column":2},"end":{"line":18,"column":5}},"type":"switch","locations":[{"start":{"line":14,"column":6},"end":{"line":15,"column":29}},{"start":{"line":16,"column":6},"end":{"line":17,"column":20}}],"line":13}},"s":{"0":0,"1":0,"2":0,"3":0,"4":0,"5":0},"f":{"0":0,"1":0},"b":{"0":[0],"1":[0,0],"2":[0],"3":[0,0]},"_coverageSchema":"332fd63041d2c1bcb487cc26dd0d5f7d97098a6c","hash":"f3cfaf685075b8ae4021065372cf0e46aabfc64c"}
}
