TN:
SF:/Users/abubakarsambo/repos/trivia/constants.js
FNF:0
FNH:0
DA:1,1
DA:2,1
LF:2
LH:2
BRF:0
BRH:0
end_of_record
TN:
SF:/Users/abubakarsambo/repos/trivia/actions/questions.js
FN:7,setQuestions
FN:13,(anonymous_1)
FN:20,getQuestions
FN:21,(anonymous_3)
FN:27,(anonymous_4)
FN:30,(anonymous_5)
FNF:6
FNH:3
FNDA:0,setQuestions
FNDA:1,(anonymous_1)
FNDA:1,getQuestions
FNDA:1,(anonymous_3)
FNDA:0,(anonymous_4)
FNDA:0,(anonymous_5)
DA:8,0
DA:13,1
DA:14,1
DA:21,1
DA:22,1
DA:23,1
DA:28,0
DA:29,0
DA:31,0
DA:32,0
LF:10
LH:5
BRF:0
BRH:0
end_of_record
TN:
SF:/Users/abubakarsambo/repos/trivia/app/components/resultrow.js
FN:6,(anonymous_0)
FNF:1
FNH:1
FNDA:2,(anonymous_0)
DA:6,1
DA:7,2
DA:8,2
DA:20,1
DA:23,1
LF:5
LH:5
BRDA:9,0,0,1
BRDA:9,0,1,1
BRDA:13,1,0,1
BRDA:13,1,1,1
BRF:4
BRH:4
end_of_record
TN:
SF:/Users/abubakarsambo/repos/trivia/app/routes/home.js
FN:8,(anonymous_0)
FN:12,(anonymous_1)
FN:26,(anonymous_2)
FN:36,mapDispatchToProps
FN:38,(anonymous_4)
FNF:5
FNH:4
FNDA:1,(anonymous_0)
FNDA:1,(anonymous_1)
FNDA:0,(anonymous_2)
FNDA:1,mapDispatchToProps
FNDA:1,(anonymous_4)
DA:9,1
DA:13,1
DA:26,0
DA:37,1
DA:38,1
DA:44,1
LF:6
LH:5
BRF:0
BRH:0
end_of_record
TN:
SF:/Users/abubakarsambo/repos/trivia/app/routes/quiz.js
FN:9,(anonymous_0)
FN:15,(anonymous_1)
FN:19,(anonymous_2)
FN:28,(anonymous_3)
FN:43,(anonymous_4)
FN:71,(anonymous_5)
FN:80,(anonymous_6)
FN:91,mapStateToProps
FN:97,mapDispatchToProps
FN:99,(anonymous_9)
FNF:10
FNH:2
FNDA:1,(anonymous_0)
FNDA:0,(anonymous_1)
FNDA:0,(anonymous_2)
FNDA:0,(anonymous_3)
FNDA:1,(anonymous_4)
FNDA:0,(anonymous_5)
FNDA:0,(anonymous_6)
FNDA:0,mapStateToProps
FNDA:0,mapDispatchToProps
FNDA:0,(anonymous_9)
DA:10,1
DA:11,1
DA:16,0
DA:17,0
DA:19,0
DA:20,0
DA:21,0
DA:23,0
DA:26,0
DA:27,0
DA:28,0
DA:29,0
DA:30,0
DA:31,0
DA:33,0
DA:35,0
DA:40,0
DA:44,1
DA:45,1
DA:47,1
DA:71,0
DA:80,0
DA:92,0
DA:98,0
DA:99,0
DA:105,1
LF:26
LH:6
BRDA:20,0,0,0
BRDA:20,0,1,0
BRDA:27,1,0,0
BRDA:27,1,1,0
BRDA:30,2,0,0
BRDA:30,2,1,0
BRDA:50,3,0,0
BRDA:50,3,1,1
BRDA:54,4,0,1
BRDA:54,4,1,1
BRF:10
BRH:3
end_of_record
TN:
SF:/Users/abubakarsambo/repos/trivia/reducers/questions.js
FN:4,setQuestions
FN:12,setLoader
FNF:2
FNH:0
FNDA:0,setQuestions
FNDA:0,setLoader
DA:5,0
DA:7,0
DA:9,0
DA:13,0
DA:15,0
DA:17,0
LF:6
LH:0
BRDA:4,0,0,0
BRDA:5,1,0,0
BRDA:5,1,1,0
BRDA:12,2,0,0
BRDA:13,3,0,0
BRDA:13,3,1,0
BRF:6
BRH:0
end_of_record
